[0m09:21:19.292329 [debug] [MainThread]: Sending event: {'category': 'dbt', 'action': 'invocation', 'label': 'start', 'context': [<snowplow_tracker.self_describing_json.SelfDescribingJson object at 0x000001DAD8ADF990>, <snowplow_tracker.self_describing_json.SelfDescribingJson object at 0x000001DAD8AE0F50>, <snowplow_tracker.self_describing_json.SelfDescribingJson object at 0x000001DAD8AE2F50>]}


============================== 09:21:19.307954 | 61c0eadd-d36f-47b8-bbb4-6e53a7ddbd9c ==============================
[0m09:21:19.307954 [info ] [MainThread]: Running with dbt=1.11.8
[0m09:21:19.307954 [debug] [MainThread]: running dbt with arguments {'static_parser': 'True', 'no_print': 'None', 'version_check': 'True', 'target_path': 'None', 'warn_error_options': 'WarnErrorOptionsV2(error=[], warn=[], silence=[])', 'printer_width': '80', 'write_json': 'True', 'empty': 'None', 'log_cache_events': 'False', 'introspect': 'True', 'cache_selected_only': 'False', 'fail_fast': 'False', 'debug': 'False', 'log_format': 'default', 'partial_parse': 'True', 'send_anonymous_usage_stats': 'True', 'quiet': 'False', 'warn_error': 'None', 'profiles_dir': 'C:\\Users\\csc\\.dbt', 'invocation_command': 'dbt init core', 'use_colors': 'True', 'indirect_selection': 'eager', 'use_experimental_parser': 'False', 'log_path': 'logs'}
[0m09:21:19.458583 [info ] [MainThread]: Creating dbt configuration folder at C:\Users\csc\.dbt
[0m09:21:19.474208 [debug] [MainThread]: Starter project path: C:\Users\csc\AppData\Local\Programs\Python\Python311\Lib\site-packages\dbt\include\starter_project
[0m09:21:20.215294 [info ] [MainThread]: 
Your new dbt project "core" was created!

For more information on how to configure the profiles.yml file,
please consult the dbt documentation here:

  https://docs.getdbt.com/docs/configure-your-profile

One more thing:

Need help? Don't hesitate to reach out to us via GitHub issues or on Slack:

  https://community.getdbt.com/

Happy modeling!

[0m09:21:20.220292 [info ] [MainThread]: Setting up your profile.
[0m09:21:39.627882 [debug] [MainThread]: Snowflake adapter: Setting snowflake.connector to ERROR (file logging only)
[0m09:21:39.643509 [debug] [MainThread]: Snowflake adapter: Setting botocore to ERROR (file logging only)
[0m09:21:39.643509 [debug] [MainThread]: Snowflake adapter: Setting boto3 to ERROR (file logging only)
[0m09:30:24.466351 [info ] [MainThread]: Profile core written to C:\Users\csc\.dbt\profiles.yml using target's profile_template.yml and your supplied values. Run 'dbt debug' to validate the connection.
[0m09:30:24.535568 [debug] [MainThread]: Command `dbt init` succeeded at 09:30:24.535568 after 545.62 seconds
[0m09:30:24.555558 [debug] [MainThread]: Sending event: {'category': 'dbt', 'action': 'invocation', 'label': 'end', 'context': [<snowplow_tracker.self_describing_json.SelfDescribingJson object at 0x000001DAD8894C50>, <snowplow_tracker.self_describing_json.SelfDescribingJson object at 0x000001DAD9B31390>, <snowplow_tracker.self_describing_json.SelfDescribingJson object at 0x000001DAD9B326D0>]}
[0m09:30:24.561556 [debug] [MainThread]: Flushing usage events
[0m09:30:28.946911 [debug] [MainThread]: An error was encountered while trying to flush usage events
[0m09:44:56.088736 [debug] [MainThread]: Sending event: {'category': 'dbt', 'action': 'invocation', 'label': 'start', 'context': [<snowplow_tracker.self_describing_json.SelfDescribingJson object at 0x00000286B5C4CC50>, <snowplow_tracker.self_describing_json.SelfDescribingJson object at 0x00000286B4897C10>, <snowplow_tracker.self_describing_json.SelfDescribingJson object at 0x00000286B4BEF750>]}


============================== 09:44:56.117130 | 560b4fff-3c7f-4eb0-ac6e-9fd7d384aad5 ==============================
[0m09:44:56.117130 [info ] [MainThread]: Running with dbt=1.11.8
[0m09:44:56.121137 [debug] [MainThread]: running dbt with arguments {'version_check': 'True', 'no_print': 'None', 'static_parser': 'True', 'warn_error_options': 'WarnErrorOptionsV2(error=[], warn=[], silence=[])', 'target_path': 'None', 'printer_width': '80', 'write_json': 'True', 'introspect': 'True', 'log_cache_events': 'False', 'empty': 'False', 'cache_selected_only': 'False', 'fail_fast': 'False', 'debug': 'False', 'log_format': 'default', 'partial_parse': 'True', 'send_anonymous_usage_stats': 'True', 'quiet': 'False', 'warn_error': 'None', 'profiles_dir': 'C:\\Users\\csc\\.dbt', 'invocation_command': 'dbt run -s my_first_dbt_model', 'use_colors': 'True', 'indirect_selection': 'eager', 'use_experimental_parser': 'False', 'log_path': 'logs'}
[0m09:44:56.126134 [error] [MainThread]: Encountered an error:
Runtime Error
  No dbt_project.yml found at expected path C:\Users\csc\Desktop\dbt_project\dbt_project.yml
  Verify that each entry within packages.yml (and their transitive dependencies) contains a file named dbt_project.yml
  
[0m09:44:56.134701 [debug] [MainThread]: Command `dbt run` failed at 09:44:56.134701 after 0.51 seconds
[0m09:44:56.150241 [debug] [MainThread]: Sending event: {'category': 'dbt', 'action': 'invocation', 'label': 'end', 'context': [<snowplow_tracker.self_describing_json.SelfDescribingJson object at 0x00000286B4BEF7D0>, <snowplow_tracker.self_describing_json.SelfDescribingJson object at 0x00000286B4BEF510>, <snowplow_tracker.self_describing_json.SelfDescribingJson object at 0x00000286B4BEF590>]}
[0m09:44:56.154240 [debug] [MainThread]: Flushing usage events
[0m09:44:59.498077 [debug] [MainThread]: An error was encountered while trying to flush usage events
[0m08:38:50.664910 [debug] [MainThread]: Sending event: {'category': 'dbt', 'action': 'invocation', 'label': 'start', 'context': [<snowplow_tracker.self_describing_json.SelfDescribingJson object at 0x0000020E8FB97710>, <snowplow_tracker.self_describing_json.SelfDescribingJson object at 0x0000020E8FB276D0>, <snowplow_tracker.self_describing_json.SelfDescribingJson object at 0x0000020E8EB02F90>]}


============================== 08:38:50.680604 | 56690745-3115-4b2a-a58e-16ccb66835d6 ==============================
[0m08:38:50.680604 [info ] [MainThread]: Running with dbt=1.11.8
[0m08:38:50.680604 [debug] [MainThread]: running dbt with arguments {'version_check': 'True', 'no_print': 'None', 'static_parser': 'True', 'warn_error_options': 'WarnErrorOptionsV2(error=[], warn=[], silence=[])', 'target_path': 'None', 'printer_width': '80', 'write_json': 'True', 'introspect': 'True', 'log_cache_events': 'False', 'empty': 'False', 'cache_selected_only': 'False', 'fail_fast': 'False', 'debug': 'False', 'log_format': 'default', 'partial_parse': 'True', 'send_anonymous_usage_stats': 'True', 'quiet': 'False', 'warn_error': 'None', 'profiles_dir': 'C:\\Users\\csc\\.dbt', 'use_colors': 'True', 'invocation_command': 'dbt run -s orders1', 'indirect_selection': 'eager', 'use_experimental_parser': 'False', 'log_path': 'logs'}
[0m08:38:50.680604 [error] [MainThread]: Encountered an error:
Runtime Error
  No dbt_project.yml found at expected path C:\Users\csc\Desktop\dbt_project\dbt_project.yml
  Verify that each entry within packages.yml (and their transitive dependencies) contains a file named dbt_project.yml
  
[0m08:38:50.699406 [debug] [MainThread]: Command `dbt run` failed at 08:38:50.699406 after 0.26 seconds
[0m08:38:50.699406 [debug] [MainThread]: Sending event: {'category': 'dbt', 'action': 'invocation', 'label': 'end', 'context': [<snowplow_tracker.self_describing_json.SelfDescribingJson object at 0x0000020E8EAFF710>, <snowplow_tracker.self_describing_json.SelfDescribingJson object at 0x0000020E8EAFF910>, <snowplow_tracker.self_describing_json.SelfDescribingJson object at 0x0000020E8EAFFA10>]}
[0m08:38:50.699406 [debug] [MainThread]: Flushing usage events
[0m08:38:53.970937 [debug] [MainThread]: An error was encountered while trying to flush usage events
